# JRE version: OpenJDK Runtime Environment (11.0.4+10) (build 11.0.4+10-b304.69)
# Java VM: OpenJDK 64-Bit Server VM (11.0.4+10-b304.69, mixed mode, sharing, tiered, compressed oops, g1 gc, windows-amd64)
Heap:
 garbage-first heap   total 157696K, used 13755K [0x0000000081e00000, 0x0000000100000000)
  region size 1024K, 8 young (8192K), 8 survivors (8192K)
 Metaspace       used 25950K, capacity 26852K, committed 27004K, reserved 1073152K
  class space    used 3225K, capacity 3603K, committed 3708K, reserved 1048576K
GC Heap History (9 events):
Event: 0.528 GC heap before
{Heap before GC invocations=0 (full 0):
 garbage-first heap   total 131072K, used 24576K [0x0000000081e00000, 0x0000000100000000)
  region size 1024K, 24 young (24576K), 0 survivors (0K)
 Metaspace       used 4601K, capacity 6759K, committed 6912K, reserved 1056768K
  class space    used 522K, capacity 748K, committed 768K, reserved 1048576K
}
Event: 0.533 GC heap after
{Heap after GC invocations=1 (full 0):
 garbage-first heap   total 131072K, used 6513K [0x0000000081e00000, 0x0000000100000000)
  region size 1024K, 3 young (3072K), 3 survivors (3072K)
 Metaspace       used 4601K, capacity 6759K, committed 6912K, reserved 1056768K
  class space    used 522K, capacity 748K, committed 768K, reserved 1048576K
}
Event: 1.131 GC heap before
{Heap before GC invocations=1 (full 0):
 garbage-first heap   total 131072K, used 80241K [0x0000000081e00000, 0x0000000100000000)
  region size 1024K, 76 young (77824K), 3 survivors (3072K)
 Metaspace       used 14999K, capacity 15550K, committed 15744K, reserved 1062912K
  class space    used 1860K, capacity 2081K, committed 2176K, reserved 1048576K
}
Event: 1.139 GC heap after
{Heap after GC invocations=2 (full 0):
 garbage-first heap   total 131072K, used 9139K [0x0000000081e00000, 0x0000000100000000)
  region size 1024K, 6 young (6144K), 6 survivors (6144K)
 Metaspace       used 14999K, capacity 15550K, committed 15744K, reserved 1062912K
  class space    used 1860K, capacity 2081K, committed 2176K, reserved 1048576K
}
Event: 1.486 GC heap before
{Heap before GC invocations=2 (full 0):
 garbage-first heap   total 131072K, used 79795K [0x0000000081e00000, 0x0000000100000000)
  region size 1024K, 76 young (77824K), 6 survivors (6144K)
 Metaspace       used 16601K, capacity 17255K, committed 17408K, reserved 1064960K
  class space    used 2011K, capacity 2254K, committed 2304K, reserved 1048576K
}
Event: 1.495 GC heap after
{Heap after GC invocations=3 (full 0):
 garbage-first heap   total 131072K, used 10306K [0x0000000081e00000, 0x0000000100000000)
  region size 1024K, 4 young (4096K), 4 survivors (4096K)
 Metaspace       used 16601K, capacity 17255K, committed 17408K, reserved 1064960K
  class space    used 2011K, capacity 2254K, committed 2304K, reserved 1048576K
}
Event: 2.002 GC heap before
{Heap before GC invocations=3 (full 0):
 garbage-first heap   total 131072K, used 47170K [0x0000000081e00000, 0x0000000100000000)
  region size 1024K, 41 young (41984K), 4 survivors (4096K)
 Metaspace       used 20576K, capacity 21204K, committed 21248K, reserved 1067008K
  class space    used 2517K, capacity 2789K, committed 2816K, reserved 1048576K
}
Event: 2.007 GC heap after
{Heap after GC invocations=4 (full 0):
 garbage-first heap   total 131072K, used 11280K [0x0000000081e00000, 0x0000000100000000)
  region size 1024K, 5 young (5120K), 5 survivors (5120K)
 Metaspace       used 20576K, capacity 21204K, committed 21248K, reserved 1067008K
  class space    used 2517K, capacity 2789K, committed 2816K, reserved 1048576K
}
Event: 2.661 GC heap before
{Heap before GC invocations=5 (full 0):
 garbage-first heap   total 131072K, used 82960K [0x0000000081e00000, 0x0000000100000000)
  region size 1024K, 76 young (77824K), 5 survivors (5120K)
 Metaspace       used 25950K, capacity 26852K, committed 27004K, reserved 1073152K
  class space    used 3225K, capacity 3603K, committed 3708K, reserved 1048576K
}

